============================================================
  Generated by:           Encounter(R) RTL Compiler RC11.10 - v11.10-p005_1
  Generated on:           Sep 30 2019  03:32:45 pm
  Module:                 LOOKAHEAD
  Technology library:     NangateOpenCellLibrary revision 1.0
  Operating conditions:   worst_low 
  Interconnect mode:      global
  Area mode:              physical library
============================================================

   Pin          Type       Fanout Load Slew Delay Arrival   
                                  (fF) (ps)  (ps)   (ps)    
------------------------------------------------------------
(clock clk)   launch                                    0 R 
(in_del_1)    ext delay                      +100     100 F 
a[15]         in port           4 14.8    0    +0     100 F 
g51070/A2                                      +0     100   
g51070/ZN     NAND2_X2          3  6.8    9   +13     113 R 
g51282/A1                                      +0     113   
g51282/ZN     NAND2_X2          1  3.4    7   +14     127 F 
g72/A2                                         +0     127   
g72/ZN        NOR2_X2           1  3.3   10   +22     149 R 
g51280/A1                                      +0     149   
g51280/ZN     NAND2_X2          2  4.7    8   +16     165 F 
g46/A1                                         +0     165   
g46/ZN        NAND3_X2          1  6.0   10   +17     182 R 
g45/A1                                         +0     182   
g45/ZN        NAND2_X4          1  5.9    6   +14     195 F 
g51298/A1                                      +0     196   
g51298/ZN     NOR2_X4           1  6.0   10   +17     213 R 
g44/A1                                         +0     213   
g44/ZN        NAND2_X4          3 10.4    8   +16     229 F 
g42/A1                                         +0     229   
g42/ZN        NAND2_X4          2 11.8    8   +15     244 R 
g40/A1                                         +0     244   
g40/ZN        NAND2_X4          3 10.4    8   +15     260 F 
g154/B1                                        +0     260   
g154/ZN       AOI21_X2          1  2.6   13   +20     279 R 
g51288/A                                       +0     279   
g51288/ZN     XNOR2_X1          1  0.7   10   +35     315 R 
s[26]         out port                         +0     315 R 
(ou_del_1)    ext delay                      +100     415 R 
- - - - - - - - - - - - - - - - - - - - - - - - - - - - - - 
(clock clk)   capture                                 465 R 
              uncertainty                     -50     415 R 
------------------------------------------------------------
Timing slack :       0ps 
Start-point  : a[15]
End-point    : s[26]
