============================================================
  Generated by:           Encounter(R) RTL Compiler RC11.10 - v11.10-p005_1
  Generated on:           Sep 30 2019  04:22:31 pm
  Module:                 MACRO_FUNCTION
  Technology library:     NangateOpenCellLibrary revision 1.0
  Operating conditions:   worst_low 
  Interconnect mode:      global
  Area mode:              physical library
============================================================

       Pin             Type       Fanout Load Slew Delay Arrival   
                                         (fF) (ps)  (ps)   (ps)    
-------------------------------------------------------------------
(clock clk)          launch                                    0 R 
(in_del_1)           ext delay                      +100     100 R 
b[4]                 in port           4 12.7    0    +0     100 R 
g20450/B2                                             +0     100   
g20450/ZN            OAI22_X4          1  6.3    9   +18     118 F 
g20449/A2                                             +0     118   
g20449/ZN            NOR2_X4           1  7.1   11   +24     142 R 
g27/A3                                                +0     142   
g27/ZN               NAND3_X4          2  6.0    9   +22     164 F 
g20405/A1                                             +0     164   
g20405/ZN            NOR2_X2           1  6.6   16   +26     190 R 
g47/A2                                                +0     190   
g47/ZN               NOR2_X4           2  7.9    6   +16     206 F 
g68_dup/A1                                            +0     206   
g68_dup/ZN           NAND3_X4          1 11.3   10   +15     221 R 
g67/A                                                 +0     221   
g67/ZN               INV_X8           15 41.0    8   +16     237 F 
add_15_9_g19719/B1                                    +0     237   
add_15_9_g19719/ZN   OAI21_X2          1  2.6   11   +20     257 R 
add_15_9_g19687/A                                     +0     257   
add_15_9_g19687/ZN   XNOR2_X1          1  0.7   10   +35     291 R 
s[17]                out port                         +0     291 R 
(ou_del_1)           ext delay                      +100     391 R 
- - - - - - - - - - - - - - - - - - - - - - - - - - - - - - - - - -
(clock clk)          capture                                 441 R 
                     uncertainty                     -50     391 R 
-------------------------------------------------------------------
Timing slack :       0ps 
Start-point  : b[4]
End-point    : s[17]
