============================================================
  Generated by:           Encounter(R) RTL Compiler RC11.10 - v11.10-p005_1
  Generated on:           Sep 30 2019  04:00:55 pm
  Module:                 RIPPLE_CARRY
  Technology library:     NangateOpenCellLibrary revision 1.0
  Operating conditions:   worst_low 
  Interconnect mode:      global
  Area mode:              physical library
============================================================

    Pin          Type       Fanout Load Slew Delay Arrival   
                                   (fF) (ps)  (ps)   (ps)    
-------------------------------------------------------------
(clock clk)    launch                                    0 R 
(in_del_1)     ext delay                      +100     100 R 
b[5]           in port           5 22.1    0    +0     100 R 
g47/A                                           +0     100   
g47/ZN         INV_X4            1  5.7    3    +5     105 F 
g42/A2                                          +0     105   
g42/ZN         NAND2_X4          2  8.0    7   +12     117 R 
g51387/A2                                       +0     117   
g51387/ZN      NAND2_X4          2  8.9    7   +16     132 F 
g38/A1                                          +0     132   
g38/ZN         NOR2_X4           1  7.0   11   +19     151 R 
g574/A2                                         +0     151   
g574/ZN        NAND3_X4          2  6.0    9   +21     172 F 
g180/A1                                         +0     172   
g180/ZN        NAND2_X2          2  6.5    9   +17     189 R 
g178/B1                                         +0     189   
g178/ZN        OAI21_X2          1  3.2    8   +14     204 F 
fopt50791/A                                     +0     204   
fopt50791/ZN   INV_X2            2  8.4    9   +17     220 R 
g51086/A1                                       +0     221   
g51086/ZN      NOR2_X4           2  6.7    6   +10     231 F 
g51084/B1                                       +0     231   
g51084/ZN      OAI21_X4          2  7.8   14   +21     252 R 
g50260/A1                                       +0     252   
g50260/ZN      NAND2_X4          2  4.8    6   +14     266 F 
g50247/A1                                       +0     266   
g50247/ZN      NAND2_X2          2  4.4    8   +13     280 R 
g50225/A                                        +0     280   
g50225/ZN      XNOR2_X1          1  0.7   10   +33     312 R 
s[11]          out port                         +0     312 R 
(ou_del_1)     ext delay                      +100     412 R 
- - - - - - - - - - - - - - - - - - - - - - - - - - - - - - -
(clock clk)    capture                                 462 R 
               uncertainty                     -50     412 R 
-------------------------------------------------------------
Timing slack :       0ps 
Start-point  : b[5]
End-point    : s[11]
