============================================================
  Generated by:           Encounter(R) RTL Compiler RC11.10 - v11.10-p005_1
  Generated on:           Sep 30 2019  04:10:12 pm
  Module:                 MACRO_FUNCTION
  Technology library:     NangateOpenCellLibrary revision 1.0
  Operating conditions:   worst_low 
  Interconnect mode:      global
  Area mode:              physical library
============================================================

       Pin             Type       Fanout Load Slew Delay Arrival   
                                         (fF) (ps)  (ps)   (ps)    
-------------------------------------------------------------------
(clock clk)          launch                                    0 R 
(in_del_1)           ext delay                      +100     100 F 
a[15]                in port           5 27.0    0    +0     100 F 
g20605/A2                                             +0     100   
g20605/ZN            NOR2_X4           1  6.6   10   +18     118 R 
g49/A2                                                +0     118   
g49/ZN               NOR2_X4           3  9.0    6   +13     131 F 
g28/A2                                                +0     131   
g28/ZN               NAND2_X4          1  6.6    6   +13     144 R 
g20565/A2                                             +0     145   
g20565/ZN            NOR2_X4           1  6.3    4   +10     155 F 
g20517/A2                                             +0     155   
g20517/ZN            NOR2_X4           1  6.0   10   +20     175 R 
g20389/A1                                             +0     175   
g20389/ZN            NAND2_X4          1  5.9    6   +13     188 F 
g457/A1                                               +0     188   
g457/ZN              NOR2_X4           1  6.0   10   +17     206 R 
g45/A1                                                +0     206   
g45/ZN               NAND2_X4          1 10.6    8   +16     222 F 
g44/A                                                 +0     222   
g44/ZN               INV_X8           16 48.4   12   +21     243 R 
add_15_9_g19719/B1                                    +0     243   
add_15_9_g19719/ZN   OAI21_X2          1  2.5    8   +15     258 F 
add_15_9_g19687/A                                     +0     258   
add_15_9_g19687/ZN   XNOR2_X1          1  0.7    7   +33     291 F 
s[17]                out port                         +0     291 F 
(ou_del_1)           ext delay                      +100     391 F 
- - - - - - - - - - - - - - - - - - - - - - - - - - - - - - - - - -
(clock clk)          capture                                  20 R 
                     uncertainty                     -50     -30 R 
-------------------------------------------------------------------
Timing slack :    -421ps (TIMING VIOLATION)
Start-point  : a[15]
End-point    : s[17]
