============================================================
  Generated by:           Encounter(R) RTL Compiler RC11.10 - v11.10-p005_1
  Generated on:           Sep 30 2019  02:53:49 pm
  Module:                 LOOKAHEAD
  Technology library:     NangateOpenCellLibrary revision 1.0
  Operating conditions:   worst_low 
  Interconnect mode:      global
  Area mode:              physical library
============================================================

   Pin          Type       Fanout Load Slew Delay Arrival   
                                  (fF) (ps)  (ps)   (ps)    
------------------------------------------------------------
(clock clk)   launch                                    0 R 
(in_del_1)    ext delay                      +100     100 F 
a[11]         in port           4 13.4    0    +0     100 F 
g51185/A2                                      +0     100   
g51185/ZN     NOR2_X4           1  6.6   10   +18     118 R 
g51463/A2                                      +0     118   
g51463/ZN     NOR2_X4           3  8.9    6   +13     131 F 
g51422/A1                                      +0     131   
g51422/ZN     NAND3_X2          1  7.0   11   +16     148 R 
g51500/A2                                      +0     148   
g51500/ZN     NAND3_X4          2  7.5   10   +22     170 F 
g51499/A1                                      +0     170   
g51499/ZN     NAND2_X4          1  6.2    6   +14     184 R 
g51395/A                                       +0     184   
g51395/ZN     INV_X4            1  6.3    3    +8     193 F 
g51482/A2                                      +0     193   
g51482/ZN     NOR2_X4           2  9.1   12   +22     215 R 
g51489/A1                                      +0     215   
g51489/ZN     NAND2_X4          4  9.3    8   +17     232 F 
g51488/A1                                      +0     232   
g51488/ZN     NAND2_X2          2  7.7   10   +17     249 R 
g42/A1                                         +0     249   
g42/ZN        NAND2_X1          1  1.8    7   +14     263 F 
g103/A1                                        +0     263   
g103/ZN       NAND2_X1          1  2.6    8   +14     278 R 
g51376/A                                       +0     278   
g51376/ZN     XNOR2_X1          1  0.7   10   +33     310 R 
s[26]         out port                         +0     310 R 
(ou_del_1)    ext delay                      +100     410 R 
- - - - - - - - - - - - - - - - - - - - - - - - - - - - - - 
(clock clk)   capture                                  20 R 
              uncertainty                     -50     -30 R 
------------------------------------------------------------
Timing slack :    -440ps (TIMING VIOLATION)
Start-point  : a[11]
End-point    : s[26]
