============================================================
  Generated by:           Encounter(R) RTL Compiler RC11.10 - v11.10-p005_1
  Generated on:           Sep 30 2019  04:35:51 pm
  Module:                 MACRO_FUNCTION
  Technology library:     NangateOpenCellLibrary revision 1.0
  Operating conditions:   worst_low 
  Interconnect mode:      global
  Area mode:              physical library
============================================================

   Pin          Type       Fanout Load Slew Delay Arrival   
                                  (fF) (ps)  (ps)   (ps)    
------------------------------------------------------------
(clock clk)   launch                                    0 R 
(in_del_1)    ext delay                      +100     100 R 
b[6]          in port           2  3.8    0    +0     100 R 
add_15_9/B[6] 
  g19986/A                                     +0     100   
  g19986/ZN   INV_X1            1  3.4    5    +7     107 F 
  g19941/A2                                    +0     107   
  g19941/ZN   NAND2_X2          4  7.2   10   +16     124 R 
  g19940/A                                     +0     124   
  g19940/ZN   INV_X1            2  3.6    6   +12     136 F 
  g19882/A2                                    +0     136   
  g19882/ZN   NOR2_X1           2  3.1   15   +27     163 R 
  g19800/A1                                    +0     163   
  g19800/ZN   AND2_X1           1  3.6    9   +38     201 R 
  g19733/B2                                    +0     201   
  g19733/ZN   AOI21_X2          5  9.0   12   +22     223 F 
  g19727/A1                                    +0     223   
  g19727/ZN   OR3_X1            1  1.8   10   +58     282 F 
  g19715/A                                     +0     282   
  g19715/ZN   OAI211_X1         1  2.6   17   +21     303 R 
  g19687/A                                     +0     303   
  g19687/ZN   XNOR2_X1          1  0.7   10   +38     340 R 
add_15_9/Z[14] 
s[14]         out port                         +0     340 R 
(ou_del_1)    ext delay                      +100     440 R 
- - - - - - - - - - - - - - - - - - - - - - - - - - - - - - 
(clock clk)   capture                                 490 R 
              uncertainty                     -50     440 R 
------------------------------------------------------------
Timing slack :       0ps 
Start-point  : b[6]
End-point    : s[14]
