============================================================
  Generated by:           Encounter(R) RTL Compiler RC11.10 - v11.10-p005_1
  Generated on:           Sep 30 2019  04:37:53 pm
  Module:                 LOOKAHEAD
  Technology library:     NangateOpenCellLibrary revision 1.0
  Operating conditions:   worst_low 
  Interconnect mode:      global
  Area mode:              physical library
============================================================

   Pin          Type       Fanout Load Slew Delay Arrival   
                                  (fF) (ps)  (ps)   (ps)    
------------------------------------------------------------
(clock clk)   launch                                    0 R 
(in_del_1)    ext delay                      +100     100 F 
a[18]         in port           4  7.1    0    +0     100 F 
g50826/B2                                      +0     100   
g50826/ZN     OAI22_X1          1  2.0   18   +29     129 R 
g50825/A                                       +0     129   
g50825/ZN     INV_X1            1  3.5    7   +16     145 F 
g50497/A3                                      +0     145   
g50497/ZN     NAND3_X2          2  5.1   10   +18     164 R 
g50496/A                                       +0     164   
g50496/ZN     INV_X2            2  4.8    5   +11     174 F 
g50478/A2                                      +0     174   
g50478/ZN     NAND2_X1          1  3.3    9   +16     190 R 
g50469/A1                                      +0     190   
g50469/ZN     NAND2_X2          1  5.9    8   +16     206 F 
g50460/A1                                      +0     206   
g50460/ZN     NOR2_X4           1  6.0   10   +18     225 R 
g50699/A1                                      +0     225   
g50699/ZN     NAND2_X4          3 10.4    8   +16     241 F 
g50442/A1                                      +0     241   
g50442/ZN     NAND2_X4          2  9.5    8   +14     255 R 
g50424/B1                                      +0     256   
g50424/ZN     AOI21_X4          1  5.9    7   +14     269 F 
g50412/A1                                      +0     269   
g50412/ZN     NOR2_X4           3  8.9   12   +20     289 R 
g50382/B1                                      +0     289   
g50382/ZN     OAI21_X2          1  2.5   12   +15     304 F 
g50371/A                                       +0     304   
g50371/ZN     XNOR2_X1          1  0.7    7   +36     340 F 
s[29]         out port                         +0     340 F 
(ou_del_1)    ext delay                      +100     440 F 
- - - - - - - - - - - - - - - - - - - - - - - - - - - - - - 
(clock clk)   capture                                 490 R 
              uncertainty                     -50     440 R 
------------------------------------------------------------
Timing slack :       0ps 
Start-point  : a[18]
End-point    : s[29]
