============================================================
  Generated by:           Encounter(R) RTL Compiler RC11.10 - v11.10-p005_1
  Generated on:           Sep 30 2019  03:58:26 pm
  Module:                 RIPPLE_CARRY
  Technology library:     NangateOpenCellLibrary revision 1.0
  Operating conditions:   worst_low 
  Interconnect mode:      global
  Area mode:              physical library
============================================================

   Pin          Type       Fanout Load Slew Delay Arrival   
                                  (fF) (ps)  (ps)   (ps)    
------------------------------------------------------------
(clock clk)   launch                                    0 R 
(in_del_1)    ext delay                      +100     100 F 
a[12]         in port           5 21.0    0    +0     100 F 
g51321/A2                                      +0     100   
g51321/ZN     NOR2_X4           1  3.5    8   +15     115 R 
g51319/A2                                      +0     115   
g51319/ZN     NOR2_X2           2  6.5    6   +13     128 F 
g230/A2                                        +0     128   
g230/ZN       NAND2_X2          1  3.5    7   +14     142 R 
g308/A2                                        +0     142   
g308/ZN       NAND3_X2          2  4.1   11   +21     163 F 
g303/A1                                        +0     163   
g303/ZN       NAND2_X2          1  3.4    6   +15     178 R 
g51027/A                                       +0     178   
g51027/ZN     INV_X2            1  6.3    5   +10     188 F 
g51025/A2                                      +0     188   
g51025/ZN     NOR2_X4           1  6.0   10   +20     209 R 
g173/A1                                        +0     209   
g173/ZN       NAND2_X4          4 10.6    8   +16     225 F 
g51370/A1                                      +0     225   
g51370/ZN     NAND2_X2          1  3.3    7   +13     238 R 
g51369/A1                                      +0     238   
g51369/ZN     NAND2_X2          5  8.4   10   +18     256 F 
g51376/B1                                      +0     256   
g51376/ZN     AOI21_X2          1  2.6   13   +21     277 R 
g141/A                                         +0     277   
g141/ZN       XNOR2_X1          1  0.7   10   +35     312 R 
s[26]         out port                         +0     312 R 
(ou_del_1)    ext delay                      +100     412 R 
- - - - - - - - - - - - - - - - - - - - - - - - - - - - - - 
(clock clk)   capture                                  20 R 
              uncertainty                     -50     -30 R 
------------------------------------------------------------
Timing slack :    -442ps (TIMING VIOLATION)
Start-point  : a[12]
End-point    : s[26]
