============================================================
  Generated by:           Encounter(R) RTL Compiler RC11.10 - v11.10-p005_1
  Generated on:           Sep 30 2019  04:33:13 pm
  Module:                 RIPPLE_CARRY
  Technology library:     NangateOpenCellLibrary revision 1.0
  Operating conditions:   worst_low 
  Interconnect mode:      global
  Area mode:              physical library
============================================================

    Pin          Type       Fanout Load Slew Delay Arrival   
                                   (fF) (ps)  (ps)   (ps)    
-------------------------------------------------------------
(clock clk)    launch                                    0 R 
(in_del_1)     ext delay                      +100     100 R 
a[21]          in port           2  5.3    0    +0     100 R 
g50530/A                                        +0     100   
g50530/ZN      INV_X1            1  1.8    3    +5     105 F 
g50497/A2                                       +0     105   
g50497/ZN      NAND2_X1          4  6.0   14   +20     125 R 
g50625/A1                                       +0     125   
g50625/ZN      AND2_X1           2  5.3   12   +41     165 R 
g50370/A1                                       +0     165   
g50370/ZN      NAND2_X1          2  5.1   12   +22     188 F 
g50348/A1                                       +0     188   
g50348/ZN      NOR2_X1           1  6.2   25   +38     226 R 
g50292/A2                                       +0     226   
g50292/ZN      NAND2_X4          2  8.8    8   +23     250 F 
g50274/B1                                       +0     250   
g50274/ZN      AOI21_X4          1  6.6   14   +21     271 R 
g50262/A1                                       +0     271   
g50262/ZN      NOR2_X4           3  8.3    6   +13     284 F 
fopt50652/A                                     +0     284   
fopt50652/ZN   INV_X2            1  3.3    5   +10     294 R 
g50250/A1                                       +0     294   
g50250/ZN      NAND2_X2          2  4.7    7   +13     308 F 
g50232/A1                                       +0     308   
g50232/ZN      NAND2_X2          1  1.9    6   +11     319 R 
g50223/A                                        +0     319   
g50223/ZN      OAI211_X1         1  0.7   10   +22     340 F 
s[30]          out port                         +0     340 F 
(ou_del_1)     ext delay                      +100     440 F 
- - - - - - - - - - - - - - - - - - - - - - - - - - - - - - -
(clock clk)    capture                                 490 R 
               uncertainty                     -50     440 R 
-------------------------------------------------------------
Timing slack :       0ps 
Start-point  : a[21]
End-point    : s[30]
