============================================================
  Generated by:           Encounter(R) RTL Compiler RC11.10 - v11.10-p005_1
  Generated on:           Sep 30 2019  04:25:55 pm
  Module:                 CARRY_SELECT
  Technology library:     NangateOpenCellLibrary revision 1.0
  Operating conditions:   worst_low 
  Interconnect mode:      global
  Area mode:              physical library
============================================================

   Pin          Type       Fanout Load Slew Delay Arrival   
                                  (fF) (ps)  (ps)   (ps)    
------------------------------------------------------------
(clock clk)   launch                                    0 R 
(in_del_1)    ext delay                      +100     100 F 
a[5]          in port           5 14.4    0    +0     100 F 
Block0/a[5] 
  g76/A2                                       +0     100   
  g76/ZN      NOR2_X4           1  6.6   10   +18     118 R 
  g75/A2                                       +0     118   
  g75/ZN      NOR2_X4           2  6.1    5   +12     130 F 
  g15348/A1                                    +0     130   
  g15348/ZN   NAND3_X2          1  6.0   10   +15     145 R 
  g15334/A1                                    +0     145   
  g15334/ZN   NAND2_X4          1  6.3    6   +14     159 F 
  g15332/A2                                    +0     159   
  g15332/ZN   NOR2_X4           2  6.4   10   +22     181 R 
  g15337/A1                                    +0     181   
  g15337/ZN   NAND2_X2          1  3.2    6   +14     195 F 
Block0/cout[0] 
g28/A                                          +0     195   
g28/ZN        INV_X2            1  6.2    7   +14     208 R 
g26/A2                                         +0     209   
g26/ZN        NAND2_X4          2  7.5    6   +15     224 F 
g39/A1                                         +0     224   
g39/ZN        NAND2_X4          2 11.8    9   +14     238 R 
g38/A1                                         +0     238   
g38/ZN        NAND2_X4          1  5.8    6   +13     251 F 
g37/A1                                         +0     251   
g37/ZN        NAND2_X4          1  6.0    6   +11     262 R 
g24/A1                                         +0     262   
g24/ZN        NAND2_X4          7 12.9    9   +16     278 F 
Block3/cin 
  g102/B1                                      +0     278   
  g102/ZN     AOI21_X1          1  2.6   17   +25     303 R 
  g5160/A                                      +0     303   
  g5160/ZN    XNOR2_X1          1  0.7   10   +38     340 R 
Block3/s[3] 
s[27]         out port                         +0     340 R 
(ou_del_1)    ext delay                      +100     440 R 
- - - - - - - - - - - - - - - - - - - - - - - - - - - - - - 
(clock clk)   capture                                  20 R 
              uncertainty                     -50     -30 R 
------------------------------------------------------------
Timing slack :    -470ps (TIMING VIOLATION)
Start-point  : a[5]
End-point    : s[27]
