Command: report datapath > reports/MACRO_FUNCTION_datapath_map.rpt
============================================================
  Generated by:           Encounter(R) RTL Compiler RC11.10 - v11.10-p005_1
  Generated on:           Sep 30 2019  04:09:43 pm
  Module:                 MACRO_FUNCTION
  Technology library:     NangateOpenCellLibrary revision 1.0
  Operating conditions:   worst_low 
  Interconnect mode:      global
  Area mode:              physical library
============================================================


Inferred components

            Operator Signedness Inputs Outputs CellArea Line Col      Filename      
====================================================================================
MACRO_FUNCTION
 add_15_9
 module:add_unsigned
  very_fast     +    unsigned   32x32  32        339.15   15   9 MACRO_FUNCTION.vhd 
====================================================================================

      Type       CellArea Percentage 
-------------------------------------
datapath modules   339.15     100.00 
external muxes       0.00       0.00 
others               0.00       0.00 
-------------------------------------
total              339.15     100.00 

